{"C:\\Users\\Nico\\OneDrive\\Bureau\\formation_dev_back_end\\semaine_9\\jour_4\\VTCProject\\src\\adapters\\gateways\\sendgrid\\SendGridEmailGateway.ts": {"path":"C:\\Users\\Nico\\OneDrive\\Bureau\\formation_dev_back_end\\semaine_9\\jour_4\\VTCProject\\src\\adapters\\gateways\\sendgrid\\SendGridEmailGateway.ts","statementMap":{"0":{"start":{"line":1,"column":0},"end":{"line":1,"column":36}},"1":{"start":{"line":2,"column":0},"end":{"line":2,"column":27}},"2":{"start":{"line":3,"column":0},"end":{"line":3,"column":16}},"3":{"start":{"line":4,"column":16},"end":{"line":4,"column":44}},"4":{"start":{"line":6,"column":0},"end":{"line":6,"column":26}},"5":{"start":{"line":7,"column":0},"end":{"line":7,"column":null}},"6":{"start":{"line":18,"column":8},"end":{"line":18,"column":38}},"7":{"start":{"line":16,"column":0},"end":{"line":16,"column":13}}},"fnMap":{"0":{"name":"(anonymous_8)","decl":{"start":{"line":17,"column":10},"end":{"line":17,"column":14}},"loc":{"start":{"line":17,"column":23},"end":{"line":19,"column":null}}}},"branchMap":{},"s":{"0":1,"1":1,"2":1,"3":1,"4":1,"5":1,"6":1,"7":1},"f":{"0":1},"b":{}}
}
