{"C:\\Users\\Nico\\OneDrive\\Bureau\\formation_dev_back_end\\semaine_9\\jour_3\\VTCProject\\src\\adapters\\gateways\\Bcrypt\\ComparePasswordCrypt.ts": {"path":"C:\\Users\\Nico\\OneDrive\\Bureau\\formation_dev_back_end\\semaine_9\\jour_3\\VTCProject\\src\\adapters\\gateways\\Bcrypt\\ComparePasswordCrypt.ts","statementMap":{"0":{"start":{"line":1,"column":0},"end":{"line":1,"column":37}},"1":{"start":{"line":4,"column":8},"end":{"line":4,"column":52}},"2":{"start":{"line":2,"column":0},"end":{"line":2,"column":13}}},"fnMap":{"0":{"name":"(anonymous_0)","decl":{"start":{"line":3,"column":4},"end":{"line":3,"column":11}},"loc":{"start":{"line":3,"column":51},"end":{"line":5,"column":5}}}},"branchMap":{},"s":{"0":1,"1":1,"2":1},"f":{"0":1},"b":{}}
}
